[debug] [2023-06-04T07:19:33.559Z] ----------------------------------------------------------------------
[debug] [2023-06-04T07:19:33.560Z] Command:       C:\Program Files\nodejs\node.exe C:\Users\DCL\AppData\Roaming\npm\node_modules\firebase-tools\lib\bin\firebase.js deploy
[debug] [2023-06-04T07:19:33.561Z] CLI Version:   11.10.0
[debug] [2023-06-04T07:19:33.561Z] Platform:      win32
[debug] [2023-06-04T07:19:33.561Z] Node Version:  v16.15.0
[debug] [2023-06-04T07:19:33.562Z] Time:          Sun Jun 04 2023 13:19:33 GMT+0600 (Bangladesh Standard Time)
[debug] [2023-06-04T07:19:33.562Z] ----------------------------------------------------------------------
[debug] 
[debug] [2023-06-04T07:19:33.630Z] > command requires scopes: ["email","openid","https://www.googleapis.com/auth/cloudplatformprojects.readonly","https://www.googleapis.com/auth/firebase","https://www.googleapis.com/auth/cloud-platform"]
[debug] [2023-06-04T07:19:33.630Z] > authorizing via signed-in user (telite661@gmail.com)
[debug] [2023-06-04T07:19:33.630Z] [iam] checking project pizzahub-26bec for permissions ["firebase.projects.get","firebasehosting.sites.update"]
[debug] [2023-06-04T07:19:33.633Z] >>> [apiv2][query] POST https://cloudresourcemanager.googleapis.com/v1/projects/pizzahub-26bec:testIamPermissions [none]
[debug] [2023-06-04T07:19:33.633Z] >>> [apiv2][(partial)header] POST https://cloudresourcemanager.googleapis.com/v1/projects/pizzahub-26bec:testIamPermissions x-goog-quota-user=projects/pizzahub-26bec
[debug] [2023-06-04T07:19:33.633Z] >>> [apiv2][body] POST https://cloudresourcemanager.googleapis.com/v1/projects/pizzahub-26bec:testIamPermissions {"permissions":["firebase.projects.get","firebasehosting.sites.update"]}
[debug] [2023-06-04T07:19:41.494Z] <<< [apiv2][status] POST https://cloudresourcemanager.googleapis.com/v1/projects/pizzahub-26bec:testIamPermissions 200
[debug] [2023-06-04T07:19:41.495Z] <<< [apiv2][body] POST https://cloudresourcemanager.googleapis.com/v1/projects/pizzahub-26bec:testIamPermissions {"permissions":["firebase.projects.get","firebasehosting.sites.update"]}
[debug] [2023-06-04T07:19:41.497Z] >>> [apiv2][query] GET https://firebase.googleapis.com/v1beta1/projects/pizzahub-26bec [none]
[debug] [2023-06-04T07:19:48.048Z] <<< [apiv2][status] GET https://firebase.googleapis.com/v1beta1/projects/pizzahub-26bec 200
[debug] [2023-06-04T07:19:48.048Z] <<< [apiv2][body] GET https://firebase.googleapis.com/v1beta1/projects/pizzahub-26bec {"projectId":"pizzahub-26bec","projectNumber":"1045348264841","displayName":"PizzaHUB","name":"projects/pizzahub-26bec","resources":{"hostingSite":"pizzahub-26bec"},"state":"ACTIVE","etag":"1_396f5764-3a09-4790-86c5-4c845be510c1"}
[info] 
[info] === Deploying to 'pizzahub-26bec'...
[info] 
[info] i  deploying hosting 
[debug] [2023-06-04T07:19:48.051Z] >>> [apiv2][query] GET https://firebase.googleapis.com/v1beta1/projects/pizzahub-26bec [none]
[debug] [2023-06-04T07:19:53.291Z] <<< [apiv2][status] GET https://firebase.googleapis.com/v1beta1/projects/pizzahub-26bec 200
[debug] [2023-06-04T07:19:53.293Z] <<< [apiv2][body] GET https://firebase.googleapis.com/v1beta1/projects/pizzahub-26bec {"projectId":"pizzahub-26bec","projectNumber":"1045348264841","displayName":"PizzaHUB","name":"projects/pizzahub-26bec","resources":{"hostingSite":"pizzahub-26bec"},"state":"ACTIVE","etag":"1_396f5764-3a09-4790-86c5-4c845be510c1"}
[debug] [2023-06-04T07:19:53.300Z] >>> [apiv2][query] POST https://firebasehosting.googleapis.com/v1beta1/projects/1045348264841/sites/pizzahub-26bec/versions [none]
[debug] [2023-06-04T07:19:53.300Z] >>> [apiv2][body] POST https://firebasehosting.googleapis.com/v1beta1/projects/1045348264841/sites/pizzahub-26bec/versions {"config":{"rewrites":[{"glob":"**","path":"/index.html"}]},"labels":{"deployment-tool":"cli-firebase"}}
[debug] [2023-06-04T07:20:00.138Z] <<< [apiv2][status] POST https://firebasehosting.googleapis.com/v1beta1/projects/1045348264841/sites/pizzahub-26bec/versions 200
[debug] [2023-06-04T07:20:00.138Z] <<< [apiv2][body] POST https://firebasehosting.googleapis.com/v1beta1/projects/1045348264841/sites/pizzahub-26bec/versions {"name":"projects/1045348264841/sites/pizzahub-26bec/versions/cf9d7688b68e6b2c","status":"CREATED","config":{"rewrites":[{"glob":"**","path":"/index.html"}]},"labels":{"deployment-tool":"cli-firebase"}}
[info] i  hosting[pizzahub-26bec]: beginning deploy... 
[info] i  hosting[pizzahub-26bec]: found 20 files in build 
[debug] [2023-06-04T07:20:00.164Z] [hosting] uploading with 200 concurrency
[debug] [2023-06-04T07:20:01.033Z] [hosting] hash cache [YnVpbGQ] stored for 20 files
[debug] [2023-06-04T07:20:01.033Z] [hosting][hash queue][FINAL] {"max":853,"min":3,"avg":63.15,"active":0,"complete":20,"success":20,"errored":0,"retried":0,"total":20,"elapsed":865}
[debug] [2023-06-04T07:20:01.034Z] >>> [apiv2][query] POST https://firebasehosting.googleapis.com/v1beta1/projects/1045348264841/sites/pizzahub-26bec/versions/cf9d7688b68e6b2c:populateFiles [none]
[debug] [2023-06-04T07:20:01.034Z] >>> [apiv2][body] POST https://firebasehosting.googleapis.com/v1beta1/projects/1045348264841/sites/pizzahub-26bec/versions/cf9d7688b68e6b2c:populateFiles {"files":{"/Currency.json":"5fe69881da6a1f775740a1a7494cd9e63030cecb1a4bc6857739fe177989ccec","/data.json":"e8c7e5b84b6d6674bd1fddf66f8c8e8fca848cb05a0f5dd021f385a1a51e2409","/data.zip":"ddf77f2cfb119c340bf8d90ca94440b0b812d6b38ff6cd5244760323e463a014","/favicon.ico":"eae62e993eb980ec8a25058c39d5a51feab118bd2100c4deebb2a9c158ec11f9","/logo192.png":"3ee59515172ee198f3be375979df15ac5345183e656720a381b8872b2a39dc8b","/logo512.png":"ee7e2f3fdb8209c4b6fd7bef6ba50d1b9dba30a25bb5c3126df057e1cb6f5331","/manifest.json":"aff3449bdc238776f5d6d967f19ec491b36aed5fb7f23ccff6500736fd58494a","/robots.txt":"bfe106a3fb878dc83461c86818bf74fc1bdc7f28538ba613cd3e775516ce8b49","/asset-manifest.json":"27534d369a44b22ce6a050bbd203f91a58c04046c353a8535df666f318488d20","/index.html":"b89ac1c164fda70fd6d56d760b92ba3cb25fa7fba178d39757c91da85b59581a","/static/js/787.1a579137.chunk.js":"57da950da35d802412f0c929c4f6c96d540855fa90abe8fcb8d461c90287aac1","/static/js/787.1a579137.chunk.js.map":"93ee4f293021c50a152ed6df48beb7c9753f0b6c987ec60b015d4c5831a16854","/static/js/main.c92b3cf7.js.LICENSE.txt":"94fb2d734f9198aab9b6e24ff31ebb05e18ea7b30731ec0adee0668a96172697","/static/css/main.06ad9668.css":"f3ec33cbd59e3589d7547fc55a02d886c45e5303e55d137908941e1af130e17a","/static/media/logo.6ce24c58023cc2f8fd88fe9d219db6c6.svg":"ac1a3d8899432561573d6a5cf56459437c09b902599a1deb91c0f8d4bb40459d","/static/css/main.06ad9668.css.map":"8ac252398e7015486dc35b7989e78ced44ca1eb70948c1740a5ae4af58b9028c","/static/media/flying-bird-gif-bird.7259afe778cf5741ba54.gif":"5f19f94ac263014f672a6b939fd94ac2b6ac06784b16aa910eb1c958694072ea","/static/js/main.c92b3cf7.js":"cc03ba181f888ca5b3dacc9fb700242b1555651c6beb446387171a34d29927e1","/static/media/success.2abe25664b96b8137a11.gif":"114dbfc1407e9bdf7a176cbcb01e13ebfbcedfa27a976de9b196a75280e7d8bd","/static/js/main.c92b3cf7.js.map":"6384b9132661209ba27b8f45d312b5043733f3ec08f3a99b65c3f46212e6106a"}}
[debug] [2023-06-04T07:20:06.638Z] <<< [apiv2][status] POST https://firebasehosting.googleapis.com/v1beta1/projects/1045348264841/sites/pizzahub-26bec/versions/cf9d7688b68e6b2c:populateFiles 200
[debug] [2023-06-04T07:20:06.639Z] <<< [apiv2][body] POST https://firebasehosting.googleapis.com/v1beta1/projects/1045348264841/sites/pizzahub-26bec/versions/cf9d7688b68e6b2c:populateFiles {"uploadRequiredHashes":["27534d369a44b22ce6a050bbd203f91a58c04046c353a8535df666f318488d20","cc03ba181f888ca5b3dacc9fb700242b1555651c6beb446387171a34d29927e1","8ac252398e7015486dc35b7989e78ced44ca1eb70948c1740a5ae4af58b9028c","6384b9132661209ba27b8f45d312b5043733f3ec08f3a99b65c3f46212e6106a","f3ec33cbd59e3589d7547fc55a02d886c45e5303e55d137908941e1af130e17a","b89ac1c164fda70fd6d56d760b92ba3cb25fa7fba178d39757c91da85b59581a"],"uploadUrl":"https://upload-firebasehosting.googleapis.com/upload/sites/pizzahub-26bec/versions/cf9d7688b68e6b2c/files"}
[debug] [2023-06-04T07:20:06.644Z] >>> [apiv2][query] POST https://upload-firebasehosting.googleapis.com/upload/sites/pizzahub-26bec/versions/cf9d7688b68e6b2c/files/27534d369a44b22ce6a050bbd203f91a58c04046c353a8535df666f318488d20 [none]
[debug] [2023-06-04T07:20:06.644Z] >>> [apiv2][body] POST https://upload-firebasehosting.googleapis.com/upload/sites/pizzahub-26bec/versions/cf9d7688b68e6b2c/files/27534d369a44b22ce6a050bbd203f91a58c04046c353a8535df666f318488d20 [stream]
[debug] [2023-06-04T07:20:06.648Z] >>> [apiv2][query] POST https://upload-firebasehosting.googleapis.com/upload/sites/pizzahub-26bec/versions/cf9d7688b68e6b2c/files/cc03ba181f888ca5b3dacc9fb700242b1555651c6beb446387171a34d29927e1 [none]
[debug] [2023-06-04T07:20:06.648Z] >>> [apiv2][body] POST https://upload-firebasehosting.googleapis.com/upload/sites/pizzahub-26bec/versions/cf9d7688b68e6b2c/files/cc03ba181f888ca5b3dacc9fb700242b1555651c6beb446387171a34d29927e1 [stream]
[debug] [2023-06-04T07:20:06.652Z] >>> [apiv2][query] POST https://upload-firebasehosting.googleapis.com/upload/sites/pizzahub-26bec/versions/cf9d7688b68e6b2c/files/8ac252398e7015486dc35b7989e78ced44ca1eb70948c1740a5ae4af58b9028c [none]
[debug] [2023-06-04T07:20:06.652Z] >>> [apiv2][body] POST https://upload-firebasehosting.googleapis.com/upload/sites/pizzahub-26bec/versions/cf9d7688b68e6b2c/files/8ac252398e7015486dc35b7989e78ced44ca1eb70948c1740a5ae4af58b9028c [stream]
[debug] [2023-06-04T07:20:06.655Z] >>> [apiv2][query] POST https://upload-firebasehosting.googleapis.com/upload/sites/pizzahub-26bec/versions/cf9d7688b68e6b2c/files/6384b9132661209ba27b8f45d312b5043733f3ec08f3a99b65c3f46212e6106a [none]
[debug] [2023-06-04T07:20:06.655Z] >>> [apiv2][body] POST https://upload-firebasehosting.googleapis.com/upload/sites/pizzahub-26bec/versions/cf9d7688b68e6b2c/files/6384b9132661209ba27b8f45d312b5043733f3ec08f3a99b65c3f46212e6106a [stream]
[debug] [2023-06-04T07:20:06.657Z] >>> [apiv2][query] POST https://upload-firebasehosting.googleapis.com/upload/sites/pizzahub-26bec/versions/cf9d7688b68e6b2c/files/f3ec33cbd59e3589d7547fc55a02d886c45e5303e55d137908941e1af130e17a [none]
[debug] [2023-06-04T07:20:06.658Z] >>> [apiv2][body] POST https://upload-firebasehosting.googleapis.com/upload/sites/pizzahub-26bec/versions/cf9d7688b68e6b2c/files/f3ec33cbd59e3589d7547fc55a02d886c45e5303e55d137908941e1af130e17a [stream]
[debug] [2023-06-04T07:20:06.661Z] >>> [apiv2][query] POST https://upload-firebasehosting.googleapis.com/upload/sites/pizzahub-26bec/versions/cf9d7688b68e6b2c/files/b89ac1c164fda70fd6d56d760b92ba3cb25fa7fba178d39757c91da85b59581a [none]
[debug] [2023-06-04T07:20:06.661Z] >>> [apiv2][body] POST https://upload-firebasehosting.googleapis.com/upload/sites/pizzahub-26bec/versions/cf9d7688b68e6b2c/files/b89ac1c164fda70fd6d56d760b92ba3cb25fa7fba178d39757c91da85b59581a [stream]
[debug] [2023-06-04T07:20:06.663Z] [hosting][populate queue][FINAL] {"max":5612,"min":5612,"avg":5612,"active":0,"complete":1,"success":1,"errored":0,"retried":0,"total":1,"elapsed":5632}
[debug] [2023-06-04T07:20:06.663Z] [hosting] uploads queued: 6
[debug] [2023-06-04T07:20:16.821Z] <<< [apiv2][status] POST https://upload-firebasehosting.googleapis.com/upload/sites/pizzahub-26bec/versions/cf9d7688b68e6b2c/files/27534d369a44b22ce6a050bbd203f91a58c04046c353a8535df666f318488d20 200
[debug] [2023-06-04T07:20:16.821Z] <<< [apiv2][body] POST https://upload-firebasehosting.googleapis.com/upload/sites/pizzahub-26bec/versions/cf9d7688b68e6b2c/files/27534d369a44b22ce6a050bbd203f91a58c04046c353a8535df666f318488d20 [stream]
[debug] [2023-06-04T07:20:17.296Z] <<< [apiv2][status] POST https://upload-firebasehosting.googleapis.com/upload/sites/pizzahub-26bec/versions/cf9d7688b68e6b2c/files/b89ac1c164fda70fd6d56d760b92ba3cb25fa7fba178d39757c91da85b59581a 200
[debug] [2023-06-04T07:20:17.296Z] <<< [apiv2][body] POST https://upload-firebasehosting.googleapis.com/upload/sites/pizzahub-26bec/versions/cf9d7688b68e6b2c/files/b89ac1c164fda70fd6d56d760b92ba3cb25fa7fba178d39757c91da85b59581a [stream]
[debug] [2023-06-04T07:20:17.920Z] <<< [apiv2][status] POST https://upload-firebasehosting.googleapis.com/upload/sites/pizzahub-26bec/versions/cf9d7688b68e6b2c/files/f3ec33cbd59e3589d7547fc55a02d886c45e5303e55d137908941e1af130e17a 200
[debug] [2023-06-04T07:20:17.920Z] <<< [apiv2][body] POST https://upload-firebasehosting.googleapis.com/upload/sites/pizzahub-26bec/versions/cf9d7688b68e6b2c/files/f3ec33cbd59e3589d7547fc55a02d886c45e5303e55d137908941e1af130e17a [stream]
[debug] [2023-06-04T07:20:18.111Z] <<< [apiv2][status] POST https://upload-firebasehosting.googleapis.com/upload/sites/pizzahub-26bec/versions/cf9d7688b68e6b2c/files/8ac252398e7015486dc35b7989e78ced44ca1eb70948c1740a5ae4af58b9028c 200
[debug] [2023-06-04T07:20:18.111Z] <<< [apiv2][body] POST https://upload-firebasehosting.googleapis.com/upload/sites/pizzahub-26bec/versions/cf9d7688b68e6b2c/files/8ac252398e7015486dc35b7989e78ced44ca1eb70948c1740a5ae4af58b9028c [stream]
[debug] [2023-06-04T07:20:34.465Z] <<< [apiv2][status] POST https://upload-firebasehosting.googleapis.com/upload/sites/pizzahub-26bec/versions/cf9d7688b68e6b2c/files/cc03ba181f888ca5b3dacc9fb700242b1555651c6beb446387171a34d29927e1 200
[debug] [2023-06-04T07:20:34.465Z] <<< [apiv2][body] POST https://upload-firebasehosting.googleapis.com/upload/sites/pizzahub-26bec/versions/cf9d7688b68e6b2c/files/cc03ba181f888ca5b3dacc9fb700242b1555651c6beb446387171a34d29927e1 [stream]
[debug] [2023-06-04T07:21:29.636Z] <<< [apiv2][status] POST https://upload-firebasehosting.googleapis.com/upload/sites/pizzahub-26bec/versions/cf9d7688b68e6b2c/files/6384b9132661209ba27b8f45d312b5043733f3ec08f3a99b65c3f46212e6106a 200
[debug] [2023-06-04T07:21:29.636Z] <<< [apiv2][body] POST https://upload-firebasehosting.googleapis.com/upload/sites/pizzahub-26bec/versions/cf9d7688b68e6b2c/files/6384b9132661209ba27b8f45d312b5043733f3ec08f3a99b65c3f46212e6106a [stream]
[debug] [2023-06-04T07:21:29.637Z] [hosting][upload queue][FINAL] {"max":82994,"min":10181,"avg":25733.5,"active":0,"complete":6,"success":6,"errored":0,"retried":0,"total":6,"elapsed":82997}
[info] +  hosting[pizzahub-26bec]: file upload complete 
[debug] [2023-06-04T07:21:29.639Z] [hosting] deploy completed after 89496ms
[debug] [2023-06-04T07:21:29.648Z] [
  {
    "config": {
      "public": "build",
      "ignore": [
        "firebase.json",
        "**/.*",
        "**/node_modules/**"
      ],
      "rewrites": [
        {
          "source": "**",
          "destination": "/index.html"
        }
      ],
      "site": "pizzahub-26bec"
    },
    "site": "pizzahub-26bec",
    "version": "projects/1045348264841/sites/pizzahub-26bec/versions/cf9d7688b68e6b2c"
  }
]
[info] i  hosting[pizzahub-26bec]: finalizing version... 
[debug] [2023-06-04T07:21:29.651Z] >>> [apiv2][query] PATCH https://firebasehosting.googleapis.com/v1beta1/projects/1045348264841/sites/pizzahub-26bec/versions/cf9d7688b68e6b2c updateMask=status%2Cconfig
[debug] [2023-06-04T07:21:29.651Z] >>> [apiv2][body] PATCH https://firebasehosting.googleapis.com/v1beta1/projects/1045348264841/sites/pizzahub-26bec/versions/cf9d7688b68e6b2c {"status":"FINALIZED","config":{"rewrites":[{"glob":"**","path":"/index.html"}]}}
[debug] [2023-06-04T07:21:35.567Z] <<< [apiv2][status] PATCH https://firebasehosting.googleapis.com/v1beta1/projects/1045348264841/sites/pizzahub-26bec/versions/cf9d7688b68e6b2c 200
[debug] [2023-06-04T07:21:35.567Z] <<< [apiv2][body] PATCH https://firebasehosting.googleapis.com/v1beta1/projects/1045348264841/sites/pizzahub-26bec/versions/cf9d7688b68e6b2c {"name":"projects/1045348264841/sites/pizzahub-26bec/versions/cf9d7688b68e6b2c","status":"FINALIZED","config":{"rewrites":[{"glob":"**","path":"/index.html"}]},"labels":{"deployment-tool":"cli-firebase"},"createTime":"2023-06-04T07:20:00.186722Z","createUser":{"email":"telite661@gmail.com"},"finalizeTime":"2023-06-04T07:21:36.172120Z","finalizeUser":{"email":"telite661@gmail.com"}}
[debug] [2023-06-04T07:21:35.567Z] [hosting] finalized version for pizzahub-26bec:[object Object]
[info] +  hosting[pizzahub-26bec]: version finalized 
[info] i  hosting[pizzahub-26bec]: releasing new version... 
[debug] [2023-06-04T07:21:35.569Z] >>> [apiv2][query] POST https://firebasehosting.googleapis.com/v1beta1/projects/1045348264841/sites/pizzahub-26bec/releases versionName=projects%2F1045348264841%2Fsites%2Fpizzahub-26bec%2Fversions%2Fcf9d7688b68e6b2c
[debug] [2023-06-04T07:21:35.569Z] >>> [apiv2][body] POST https://firebasehosting.googleapis.com/v1beta1/projects/1045348264841/sites/pizzahub-26bec/releases {"message":null}
[debug] [2023-06-04T07:21:40.970Z] <<< [apiv2][status] POST https://firebasehosting.googleapis.com/v1beta1/projects/1045348264841/sites/pizzahub-26bec/releases 200
[debug] [2023-06-04T07:21:40.971Z] <<< [apiv2][body] POST https://firebasehosting.googleapis.com/v1beta1/projects/1045348264841/sites/pizzahub-26bec/releases {"name":"projects/1045348264841/sites/pizzahub-26bec/releases/1685863300771000","version":{"name":"projects/1045348264841/sites/pizzahub-26bec/versions/cf9d7688b68e6b2c","status":"FINALIZED","config":{"rewrites":[{"glob":"**","path":"/index.html"}]},"labels":{"deployment-tool":"cli-firebase"},"createTime":"2023-06-04T07:20:00.186722Z","createUser":{"email":"telite661@gmail.com","imageUrl":"https://lh3.googleusercontent.com/a/AAcHTtdzDatVCCvERrGAso3epPKvphR5AR9DV6E3Jll2"},"finalizeTime":"2023-06-04T07:21:36.172120Z","finalizeUser":{"email":"telite661@gmail.com","imageUrl":"https://lh3.googleusercontent.com/a/AAcHTtdzDatVCCvERrGAso3epPKvphR5AR9DV6E3Jll2"}},"type":"DEPLOY","releaseTime":"2023-06-04T07:21:40.771Z","releaseUser":{"email":"telite661@gmail.com","imageUrl":"https://lh3.googleusercontent.com/a/AAcHTtdzDatVCCvERrGAso3epPKvphR5AR9DV6E3Jll2"}}
[debug] [2023-06-04T07:21:40.971Z] [hosting] release: {"name":"projects/1045348264841/sites/pizzahub-26bec/releases/1685863300771000","version":{"name":"projects/1045348264841/sites/pizzahub-26bec/versions/cf9d7688b68e6b2c","status":"FINALIZED","config":{"rewrites":[{"glob":"**","path":"/index.html"}]},"labels":{"deployment-tool":"cli-firebase"},"createTime":"2023-06-04T07:20:00.186722Z","createUser":{"email":"telite661@gmail.com","imageUrl":"https://lh3.googleusercontent.com/a/AAcHTtdzDatVCCvERrGAso3epPKvphR5AR9DV6E3Jll2"},"finalizeTime":"2023-06-04T07:21:36.172120Z","finalizeUser":{"email":"telite661@gmail.com","imageUrl":"https://lh3.googleusercontent.com/a/AAcHTtdzDatVCCvERrGAso3epPKvphR5AR9DV6E3Jll2"}},"type":"DEPLOY","releaseTime":"2023-06-04T07:21:40.771Z","releaseUser":{"email":"telite661@gmail.com","imageUrl":"https://lh3.googleusercontent.com/a/AAcHTtdzDatVCCvERrGAso3epPKvphR5AR9DV6E3Jll2"}}
[info] +  hosting[pizzahub-26bec]: release complete 
[info] 
[info] +  Deploy complete! 
[info] 
[info] Project Console: https://console.firebase.google.com/project/pizzahub-26bec/overview
[info] Hosting URL: https://pizzahub-26bec.web.app
[debug] [2023-06-04T07:21:59.750Z] Error: Timed out.
    at Timeout._onTimeout (C:\Users\DCL\AppData\Roaming\npm\node_modules\firebase-tools\lib\utils.js:253:49)
    at listOnTimeout (node:internal/timers:559:17)
    at processTimers (node:internal/timers:502:7)
[error] 
[error] Error: An unexpected error has occurred.
[debug] [2023-06-04T07:22:11.802Z] ----------------------------------------------------------------------
[debug] [2023-06-04T07:22:11.804Z] Command:       C:\Program Files\nodejs\node.exe C:\Users\DCL\AppData\Roaming\npm\node_modules\firebase-tools\lib\bin\firebase.js deploy
[debug] [2023-06-04T07:22:11.805Z] CLI Version:   11.10.0
[debug] [2023-06-04T07:22:11.805Z] Platform:      win32
[debug] [2023-06-04T07:22:11.805Z] Node Version:  v16.15.0
[debug] [2023-06-04T07:22:11.806Z] Time:          Sun Jun 04 2023 13:22:11 GMT+0600 (Bangladesh Standard Time)
[debug] [2023-06-04T07:22:11.806Z] ----------------------------------------------------------------------
[debug] 
[debug] [2023-06-04T07:22:11.867Z] > command requires scopes: ["email","openid","https://www.googleapis.com/auth/cloudplatformprojects.readonly","https://www.googleapis.com/auth/firebase","https://www.googleapis.com/auth/cloud-platform"]
[debug] [2023-06-04T07:22:11.867Z] > authorizing via signed-in user (telite661@gmail.com)
[debug] [2023-06-04T07:22:11.868Z] [iam] checking project pizzahub-26bec for permissions ["firebase.projects.get","firebasehosting.sites.update"]
[debug] [2023-06-04T07:22:11.870Z] >>> [apiv2][query] POST https://cloudresourcemanager.googleapis.com/v1/projects/pizzahub-26bec:testIamPermissions [none]
[debug] [2023-06-04T07:22:11.870Z] >>> [apiv2][(partial)header] POST https://cloudresourcemanager.googleapis.com/v1/projects/pizzahub-26bec:testIamPermissions x-goog-quota-user=projects/pizzahub-26bec
[debug] [2023-06-04T07:22:11.871Z] >>> [apiv2][body] POST https://cloudresourcemanager.googleapis.com/v1/projects/pizzahub-26bec:testIamPermissions {"permissions":["firebase.projects.get","firebasehosting.sites.update"]}
[debug] [2023-06-04T07:22:17.150Z] <<< [apiv2][status] POST https://cloudresourcemanager.googleapis.com/v1/projects/pizzahub-26bec:testIamPermissions 200
[debug] [2023-06-04T07:22:17.150Z] <<< [apiv2][body] POST https://cloudresourcemanager.googleapis.com/v1/projects/pizzahub-26bec:testIamPermissions {"permissions":["firebase.projects.get","firebasehosting.sites.update"]}
[debug] [2023-06-04T07:22:17.152Z] >>> [apiv2][query] GET https://firebase.googleapis.com/v1beta1/projects/pizzahub-26bec [none]
[debug] [2023-06-04T07:22:24.794Z] <<< [apiv2][status] GET https://firebase.googleapis.com/v1beta1/projects/pizzahub-26bec 200
[debug] [2023-06-04T07:22:24.795Z] <<< [apiv2][body] GET https://firebase.googleapis.com/v1beta1/projects/pizzahub-26bec {"projectId":"pizzahub-26bec","projectNumber":"1045348264841","displayName":"PizzaHUB","name":"projects/pizzahub-26bec","resources":{"hostingSite":"pizzahub-26bec"},"state":"ACTIVE","etag":"1_396f5764-3a09-4790-86c5-4c845be510c1"}
[info] 
[info] === Deploying to 'pizzahub-26bec'...
[info] 
[info] i  deploying hosting 
[debug] [2023-06-04T07:22:24.809Z] >>> [apiv2][query] GET https://firebase.googleapis.com/v1beta1/projects/pizzahub-26bec [none]
[debug] [2023-06-04T07:22:32.443Z] <<< [apiv2][status] GET https://firebase.googleapis.com/v1beta1/projects/pizzahub-26bec 200
[debug] [2023-06-04T07:22:32.445Z] <<< [apiv2][body] GET https://firebase.googleapis.com/v1beta1/projects/pizzahub-26bec {"projectId":"pizzahub-26bec","projectNumber":"1045348264841","displayName":"PizzaHUB","name":"projects/pizzahub-26bec","resources":{"hostingSite":"pizzahub-26bec"},"state":"ACTIVE","etag":"1_396f5764-3a09-4790-86c5-4c845be510c1"}
[debug] [2023-06-04T07:22:32.454Z] >>> [apiv2][query] POST https://firebasehosting.googleapis.com/v1beta1/projects/1045348264841/sites/pizzahub-26bec/versions [none]
[debug] [2023-06-04T07:22:32.455Z] >>> [apiv2][body] POST https://firebasehosting.googleapis.com/v1beta1/projects/1045348264841/sites/pizzahub-26bec/versions {"config":{"rewrites":[{"glob":"**","path":"/index.html"}]},"labels":{"deployment-tool":"cli-firebase"}}
[debug] [2023-06-04T07:22:39.926Z] <<< [apiv2][status] POST https://firebasehosting.googleapis.com/v1beta1/projects/1045348264841/sites/pizzahub-26bec/versions 200
[debug] [2023-06-04T07:22:39.926Z] <<< [apiv2][body] POST https://firebasehosting.googleapis.com/v1beta1/projects/1045348264841/sites/pizzahub-26bec/versions {"name":"projects/1045348264841/sites/pizzahub-26bec/versions/7473540af7c83590","status":"CREATED","config":{"rewrites":[{"glob":"**","path":"/index.html"}]},"labels":{"deployment-tool":"cli-firebase"}}
[info] i  hosting[pizzahub-26bec]: beginning deploy... 
[info] i  hosting[pizzahub-26bec]: found 20 files in build 
[debug] [2023-06-04T07:22:39.958Z] [hosting] uploading with 200 concurrency
[debug] [2023-06-04T07:22:39.965Z] [hosting] hash cache [YnVpbGQ] stored for 20 files
[debug] [2023-06-04T07:22:39.965Z] [hosting][hash queue][FINAL] {"max":2,"min":0,"avg":0,"active":0,"complete":20,"success":20,"errored":0,"retried":0,"total":20,"elapsed":4}
[debug] [2023-06-04T07:22:39.966Z] >>> [apiv2][query] POST https://firebasehosting.googleapis.com/v1beta1/projects/1045348264841/sites/pizzahub-26bec/versions/7473540af7c83590:populateFiles [none]
[debug] [2023-06-04T07:22:39.966Z] >>> [apiv2][body] POST https://firebasehosting.googleapis.com/v1beta1/projects/1045348264841/sites/pizzahub-26bec/versions/7473540af7c83590:populateFiles {"files":{"/asset-manifest.json":"27534d369a44b22ce6a050bbd203f91a58c04046c353a8535df666f318488d20","/Currency.json":"5fe69881da6a1f775740a1a7494cd9e63030cecb1a4bc6857739fe177989ccec","/data.json":"e8c7e5b84b6d6674bd1fddf66f8c8e8fca848cb05a0f5dd021f385a1a51e2409","/data.zip":"ddf77f2cfb119c340bf8d90ca94440b0b812d6b38ff6cd5244760323e463a014","/favicon.ico":"eae62e993eb980ec8a25058c39d5a51feab118bd2100c4deebb2a9c158ec11f9","/index.html":"b89ac1c164fda70fd6d56d760b92ba3cb25fa7fba178d39757c91da85b59581a","/logo192.png":"3ee59515172ee198f3be375979df15ac5345183e656720a381b8872b2a39dc8b","/logo512.png":"ee7e2f3fdb8209c4b6fd7bef6ba50d1b9dba30a25bb5c3126df057e1cb6f5331","/manifest.json":"aff3449bdc238776f5d6d967f19ec491b36aed5fb7f23ccff6500736fd58494a","/robots.txt":"bfe106a3fb878dc83461c86818bf74fc1bdc7f28538ba613cd3e775516ce8b49","/static/css/main.06ad9668.css":"f3ec33cbd59e3589d7547fc55a02d886c45e5303e55d137908941e1af130e17a","/static/css/main.06ad9668.css.map":"8ac252398e7015486dc35b7989e78ced44ca1eb70948c1740a5ae4af58b9028c","/static/js/787.1a579137.chunk.js":"57da950da35d802412f0c929c4f6c96d540855fa90abe8fcb8d461c90287aac1","/static/js/787.1a579137.chunk.js.map":"93ee4f293021c50a152ed6df48beb7c9753f0b6c987ec60b015d4c5831a16854","/static/js/main.c92b3cf7.js":"cc03ba181f888ca5b3dacc9fb700242b1555651c6beb446387171a34d29927e1","/static/js/main.c92b3cf7.js.LICENSE.txt":"94fb2d734f9198aab9b6e24ff31ebb05e18ea7b30731ec0adee0668a96172697","/static/js/main.c92b3cf7.js.map":"6384b9132661209ba27b8f45d312b5043733f3ec08f3a99b65c3f46212e6106a","/static/media/flying-bird-gif-bird.7259afe778cf5741ba54.gif":"5f19f94ac263014f672a6b939fd94ac2b6ac06784b16aa910eb1c958694072ea","/static/media/logo.6ce24c58023cc2f8fd88fe9d219db6c6.svg":"ac1a3d8899432561573d6a5cf56459437c09b902599a1deb91c0f8d4bb40459d","/static/media/success.2abe25664b96b8137a11.gif":"114dbfc1407e9bdf7a176cbcb01e13ebfbcedfa27a976de9b196a75280e7d8bd"}}
[debug] [2023-06-04T07:22:45.589Z] <<< [apiv2][status] POST https://firebasehosting.googleapis.com/v1beta1/projects/1045348264841/sites/pizzahub-26bec/versions/7473540af7c83590:populateFiles 200
[debug] [2023-06-04T07:22:45.590Z] <<< [apiv2][body] POST https://firebasehosting.googleapis.com/v1beta1/projects/1045348264841/sites/pizzahub-26bec/versions/7473540af7c83590:populateFiles {"uploadUrl":"https://upload-firebasehosting.googleapis.com/upload/sites/pizzahub-26bec/versions/7473540af7c83590/files"}
[debug] [2023-06-04T07:22:45.590Z] [hosting][populate queue][FINAL] {"max":5626,"min":5626,"avg":5626,"active":0,"complete":1,"success":1,"errored":0,"retried":0,"total":1,"elapsed":5626}
[debug] [2023-06-04T07:22:45.590Z] [hosting] uploads queued: 0
[debug] [2023-06-04T07:22:45.591Z] [hosting][upload queue][FINAL] {"max":0,"min":9999999999,"avg":0,"active":0,"complete":0,"success":0,"errored":0,"retried":0,"total":0,"elapsed":1685863365591}
[info] +  hosting[pizzahub-26bec]: file upload complete 
[debug] [2023-06-04T07:22:45.592Z] [hosting] deploy completed after 5660ms
[debug] [2023-06-04T07:22:45.597Z] [
  {
    "config": {
      "public": "build",
      "ignore": [
        "firebase.json",
        "**/.*",
        "**/node_modules/**"
      ],
      "rewrites": [
        {
          "source": "**",
          "destination": "/index.html"
        }
      ],
      "site": "pizzahub-26bec"
    },
    "site": "pizzahub-26bec",
    "version": "projects/1045348264841/sites/pizzahub-26bec/versions/7473540af7c83590"
  }
]
[info] i  hosting[pizzahub-26bec]: finalizing version... 
[debug] [2023-06-04T07:22:45.601Z] >>> [apiv2][query] PATCH https://firebasehosting.googleapis.com/v1beta1/projects/1045348264841/sites/pizzahub-26bec/versions/7473540af7c83590 updateMask=status%2Cconfig
[debug] [2023-06-04T07:22:45.601Z] >>> [apiv2][body] PATCH https://firebasehosting.googleapis.com/v1beta1/projects/1045348264841/sites/pizzahub-26bec/versions/7473540af7c83590 {"status":"FINALIZED","config":{"rewrites":[{"glob":"**","path":"/index.html"}]}}
[debug] [2023-06-04T07:22:51.948Z] <<< [apiv2][status] PATCH https://firebasehosting.googleapis.com/v1beta1/projects/1045348264841/sites/pizzahub-26bec/versions/7473540af7c83590 200
[debug] [2023-06-04T07:22:51.948Z] <<< [apiv2][body] PATCH https://firebasehosting.googleapis.com/v1beta1/projects/1045348264841/sites/pizzahub-26bec/versions/7473540af7c83590 {"name":"projects/1045348264841/sites/pizzahub-26bec/versions/7473540af7c83590","status":"FINALIZED","config":{"rewrites":[{"glob":"**","path":"/index.html"}]},"labels":{"deployment-tool":"cli-firebase"},"createTime":"2023-06-04T07:22:40.062929Z","createUser":{"email":"telite661@gmail.com"},"finalizeTime":"2023-06-04T07:22:52.546483Z","finalizeUser":{"email":"telite661@gmail.com"}}
[debug] [2023-06-04T07:22:51.949Z] [hosting] finalized version for pizzahub-26bec:[object Object]
[info] +  hosting[pizzahub-26bec]: version finalized 
[info] i  hosting[pizzahub-26bec]: releasing new version... 
[debug] [2023-06-04T07:22:51.953Z] >>> [apiv2][query] POST https://firebasehosting.googleapis.com/v1beta1/projects/1045348264841/sites/pizzahub-26bec/releases versionName=projects%2F1045348264841%2Fsites%2Fpizzahub-26bec%2Fversions%2F7473540af7c83590
[debug] [2023-06-04T07:22:51.953Z] >>> [apiv2][body] POST https://firebasehosting.googleapis.com/v1beta1/projects/1045348264841/sites/pizzahub-26bec/releases {"message":null}
[debug] [2023-06-04T07:22:59.186Z] <<< [apiv2][status] POST https://firebasehosting.googleapis.com/v1beta1/projects/1045348264841/sites/pizzahub-26bec/releases 200
[debug] [2023-06-04T07:22:59.187Z] <<< [apiv2][body] POST https://firebasehosting.googleapis.com/v1beta1/projects/1045348264841/sites/pizzahub-26bec/releases {"name":"projects/1045348264841/sites/pizzahub-26bec/releases/1685863379219000","version":{"name":"projects/1045348264841/sites/pizzahub-26bec/versions/7473540af7c83590","status":"FINALIZED","config":{"rewrites":[{"glob":"**","path":"/index.html"}]},"labels":{"deployment-tool":"cli-firebase"},"createTime":"2023-06-04T07:22:40.062929Z","createUser":{"email":"telite661@gmail.com","imageUrl":"https://lh3.googleusercontent.com/a/AAcHTtdzDatVCCvERrGAso3epPKvphR5AR9DV6E3Jll2"},"finalizeTime":"2023-06-04T07:22:52.546483Z","finalizeUser":{"email":"telite661@gmail.com","imageUrl":"https://lh3.googleusercontent.com/a/AAcHTtdzDatVCCvERrGAso3epPKvphR5AR9DV6E3Jll2"}},"type":"DEPLOY","releaseTime":"2023-06-04T07:22:59.219Z","releaseUser":{"email":"telite661@gmail.com","imageUrl":"https://lh3.googleusercontent.com/a/AAcHTtdzDatVCCvERrGAso3epPKvphR5AR9DV6E3Jll2"}}
[debug] [2023-06-04T07:22:59.187Z] [hosting] release: {"name":"projects/1045348264841/sites/pizzahub-26bec/releases/1685863379219000","version":{"name":"projects/1045348264841/sites/pizzahub-26bec/versions/7473540af7c83590","status":"FINALIZED","config":{"rewrites":[{"glob":"**","path":"/index.html"}]},"labels":{"deployment-tool":"cli-firebase"},"createTime":"2023-06-04T07:22:40.062929Z","createUser":{"email":"telite661@gmail.com","imageUrl":"https://lh3.googleusercontent.com/a/AAcHTtdzDatVCCvERrGAso3epPKvphR5AR9DV6E3Jll2"},"finalizeTime":"2023-06-04T07:22:52.546483Z","finalizeUser":{"email":"telite661@gmail.com","imageUrl":"https://lh3.googleusercontent.com/a/AAcHTtdzDatVCCvERrGAso3epPKvphR5AR9DV6E3Jll2"}},"type":"DEPLOY","releaseTime":"2023-06-04T07:22:59.219Z","releaseUser":{"email":"telite661@gmail.com","imageUrl":"https://lh3.googleusercontent.com/a/AAcHTtdzDatVCCvERrGAso3epPKvphR5AR9DV6E3Jll2"}}
[info] +  hosting[pizzahub-26bec]: release complete 
[info] 
[info] +  Deploy complete! 
[info] 
[info] Project Console: https://console.firebase.google.com/project/pizzahub-26bec/overview
[info] Hosting URL: https://pizzahub-26bec.web.app
[debug] [2023-06-04T07:23:13.043Z] Error: Timed out.
    at Timeout._onTimeout (C:\Users\DCL\AppData\Roaming\npm\node_modules\firebase-tools\lib\utils.js:253:49)
    at listOnTimeout (node:internal/timers:559:17)
    at processTimers (node:internal/timers:502:7)
[error] 
[error] Error: An unexpected error has occurred.
